<?xml version="1.0" encoding="UTF-8"?>
<testsuite xmlns:xsi="http://www.w3.org/2001/XMLSchema-instance" xsi:noNamespaceSchemaLocation="https://maven.apache.org/surefire/maven-surefire-plugin/xsd/surefire-test-report.xsd" name="com.inspur.MySQLTest" time="0.759" tests="8" errors="0" skipped="0" failures="0">
  <properties>
[...]
</properties>
  <testcase name="queryTableTest" classname="com.inspur.MySQLTest" time="0.501"/>
  <testcase name="queryTableColumnsTest" classname="com.inspur.MySQLTest" time="0.053"/>
  <testcase name="tttTest" classname="com.inspur.MySQLTest" time="0.001"/>
  <testcase name="canConnectTest" classname="com.inspur.MySQLTest" time="0.011"/>
  <testcase name="xxTest" classname="com.inspur.MySQLTest" time="0.057"/>
  <testcase name="queryTablePrimaryKeyTest" classname="com.inspur.MySQLTest" time="0.043"/>
  <testcase name="isTableExistsTest" classname="com.inspur.MySQLTest" time="0.043"/>
  <testcase name="isDatabaseConnectTest" classname="com.inspur.MySQLTest" time="0.023"/>
</testsuite>